
                 *********************************************
                 *                                           *
                 *             A I M - S p i c e             *
                 *                                           *
                 *         Professional Version 2020.100           *
                 *                                           *
                 *********************************************

	Date: Wed Nov  2 12:00:40 2022
	Circuit File: C:\Users\vladb\Documents\TUCN2y\Circuite Analogice si Numerice\Laboratorul 4\Tranzistor.cir
	Analysis: DC Transfer Curves

**************************  Circuit Description  **************************

     1:  Inversor cu tranzistor
     2:  R1 IN B 1K
     3:  RC OUT EC 1K
     4:  Q1 OUT B 0 TRANZISTOR
     5:  .Model TRANZISTOR NPN TR=5e-9 TF=8e-9
     6:  VIN IN 0 DC 5 PULSE(0 5 0 1e-9 1e-9 1e-7 2e-7)
     7:  VEC EC 0 DC 5 
     8:  .dc VIN 0 5 0.1

***************************  Model Parameters  ****************************


***************  Device Parameters (Only for .op analysis)  ***************



**************************  Analysis Parameters  **************************

	Source name #1 .. : VIN
	Start value #1 .. : 0
	End value #1 .... : 5
	Increment value #1: 0.1



**************  Options (Only those different from default)  **************



*************************  Simulation Statistics  *************************

	Total number of iterations...........: 124
	Total analysis time (sec)............: 0.009
	Time spent in device loading (sec)...: 0
	Time spent in L-U decomposition (sec): 0
	Time spent in matrix reordering (sec): 0
	Time spent in matrix solving (sec)...: 0

***************************  Kernel Messages  *****************************

Circuit: Inversor cu tranzistor


