
                 *********************************************
                 *                                           *
                 *             A I M - S p i c e             *
                 *                                           *
                 *         Professional Version 2020.100           *
                 *                                           *
                 *********************************************

	Date: Wed Nov 16 15:40:19 2022
	Circuit File: C:\Users\vladb\Documents\TUCN2y\Circuite Analogice si Numerice\Laboratorul 6\nand analiza 5 tr.cir
	Analysis: Transient

**************************  Circuit Description  **************************

     1:  NOR cu NMOS
     2:  M3 DD GG OUT OUT n_mos3 L=1U W=1U 
     3:  .model n_mos3 nmos vto=2.5
     4:  M2 OUT B PCT PCT n_mos2 L=1U W=1U
     5:  .model n_mos2 nmos vto=2.5
     6:  M1 PCT A 0 0 n_mos1 L=25U W=1U
     7:  .model n_mos1 nmos vto=2.5
     8:  VA A 0 DC 5 PULSE(0 5 0 1e-10 1e-10 1e-9 2e-9)
     9:  VB B 0 DC 0
    10:  VGG GG 0 DC 5
    11:  VDD DD 0 DC 5
    12:  !C OUT 0 0.5p
    13:  .tran 1e-10 6e-9

***************************  Model Parameters  ****************************


***************  Device Parameters (Only for .op analysis)  ***************



**************************  Analysis Parameters  **************************

	Stepsize ............ : 1e-10
	Final time .......... : 6e-9
	Use Initial Conditions: Off



**************  Options (Only those different from default)  **************



*************************  Simulation Statistics  *************************

	Total number of iterations.....................: 395
	Number of iterations for transient analysis....: 392
	Total number of timepoints.....................: 131
	Number of timepoints accepted..................: 122
	Number of timepoints rejected..................: 9
	Total analysis time (sec)......................: 0.02
	Transient analysis time (sec)..................: 0.018
	Time spent in device loading (sec).............: 0
	Time spent in L-U decomposition (sec)..........: 0
	Time spent in matrix reordering (sec)..........: 0
	Time spent in matrix solving (sec).............: 0
	Time spent in transient L-U decomposition (sec): 0
	Time spent in transient matrix solving (sec)...: 0

***************************  Kernel Messages  *****************************

Circuit: NOR cu NMOS


